Using pre-set license
Built from '2020.3/staging' branch; Version is '2020.3.0f1 (c7b5465681fb) revision 13088070'; Using compiler version '192528614'; Build Type 'Release'
OS: 'Windows 10 Home; OS build 19042.985; Version 2009; 64bit' Language: 'ja' Physical Memory: 32600 MB
BatchMode: 1, IsHumanControllingUs: 0, StartBugReporterOnCrash: 0, Is64bit: 1, IsPro: 0

 COMMAND LINE ARGUMENTS:
C:\Program Files\Unity\Hub\Editor\2020.3.0f1\Editor\Unity.exe
-adb2
-batchMode
-noUpm
-name
AssetImportWorker0
-projectPath
C:/Users/appop/Documents/Git/iehieh
-logFile
Logs/AssetImportWorker0.log
-srvPort
55068
Successfully changed project path to: C:/Users/appop/Documents/Git/iehieh
C:/Users/appop/Documents/Git/iehieh
Using Asset Import Pipeline V2.
Refreshing native plugins compatible for Editor in 76.39 ms, found 1 plugins.
Preloading 0 native plugins for Editor in 0.00 ms.
Initialize engine version: 2020.3.0f1 (c7b5465681fb)
[Subsystems] Discovering subsystems at path C:/Program Files/Unity/Hub/Editor/2020.3.0f1/Editor/Data/Resources/UnitySubsystems
[Subsystems] Discovering subsystems at path C:/Users/appop/Documents/Git/iehieh/Assets
GfxDevice: creating device client; threaded=0
Direct3D:
    Version:  Direct3D 11.0 [level 11.1]
    Renderer: NVIDIA GeForce RTX 2070 Super (ID=0x1e91)
    Vendor:   
    VRAM:     8011 MB
    Driver:   27.21.14.6156
Initialize mono
Mono path[0] = 'C:/Program Files/Unity/Hub/Editor/2020.3.0f1/Editor/Data/Managed'
Mono path[1] = 'C:/Program Files/Unity/Hub/Editor/2020.3.0f1/Editor/Data/MonoBleedingEdge/lib/mono/unityjit'
Mono config path = 'C:/Program Files/Unity/Hub/Editor/2020.3.0f1/Editor/Data/MonoBleedingEdge/etc'
Using monoOptions --debugger-agent=transport=dt_socket,embedding=1,server=y,suspend=n,address=127.0.0.1:56076
Begin MonoManager ReloadAssembly
Registering precompiled unity dll's ...
Register platform support module: C:/Program Files/Unity/Hub/Editor/2020.3.0f1/Editor/Data/PlaybackEngines/WebGLSupport/UnityEditor.WebGL.Extensions.dll
Register platform support module: C:/Program Files/Unity/Hub/Editor/2020.3.0f1/Editor/Data/PlaybackEngines/MacStandaloneSupport/UnityEditor.OSXStandalone.Extensions.dll
Register platform support module: C:/Program Files/Unity/Hub/Editor/2020.3.0f1/Editor/Data/PlaybackEngines/WindowsStandaloneSupport/UnityEditor.WindowsStandalone.Extensions.dll
Registered in 0.003607 seconds.
Native extension for WindowsStandalone target not found
Native extension for OSXStandalone target not found
Native extension for WebGL target not found
Refreshing native plugins compatible for Editor in 65.58 ms, found 1 plugins.
Preloading 0 native plugins for Editor in 0.00 ms.
Invoked RoslynAnalysisRunner static constructor.
RoslynAnalysisRunner will not be running.
RoslynAnalysisRunner has terminated.
Mono: successfully reloaded assembly
- Completed reload, in  1.171 seconds
Platform modules already initialized, skipping
Registering precompiled user dll's ...
Registered in 0.010822 seconds.
Begin MonoManager ReloadAssembly
Native extension for WindowsStandalone target not found
Native extension for OSXStandalone target not found
Native extension for WebGL target not found
Refreshing native plugins compatible for Editor in 0.79 ms, found 1 plugins.
Preloading 0 native plugins for Editor in 0.00 ms.
[Steamworks.NET] Could not copy steam_appid.txt into the project root. steam_appid.txt could not be found in 'C:\Users\appop\Documents\Git\iehieh\Assets/Plugins/Steamworks.NET/redist'. Place steam_appid.txt from the Steamworks SDK in the project root manually.
UnityEngine.StackTraceUtility:ExtractStackTrace ()
UnityEngine.DebugLogHandler:LogFormat (UnityEngine.LogType,UnityEngine.Object,string,object[])
UnityEngine.Logger:Log (UnityEngine.LogType,object)
UnityEngine.Debug:LogWarning (object)
RedistInstall:CopyFile (string,string,bool) (at Assets/Editor/Steamworks.NET/RedistInstall.cs:40)
RedistInstall:.cctor () (at Assets/Editor/Steamworks.NET/RedistInstall.cs:16)
System.Runtime.CompilerServices.RuntimeHelpers:RunClassConstructor (System.RuntimeTypeHandle)
UnityEditor.EditorAssemblies:ProcessInitializeOnLoadAttributes (System.Type[])

(Filename: Assets/Editor/Steamworks.NET/RedistInstall.cs Line: 40)

Invoked RoslynAnalysisRunner static constructor.
RoslynAnalysisRunner will not be running.
RoslynAnalysisRunner has terminated.
Mono: successfully reloaded assembly
- Completed reload, in  1.677 seconds
Platform modules already initialized, skipping
========================================================================
Worker process is ready to serve import requests
Launched and connected shader compiler UnityShaderCompiler.exe after 0.05 seconds
Refreshing native plugins compatible for Editor in 0.88 ms, found 1 plugins.
Preloading 0 native plugins for Editor in 0.00 ms.
Unloading 2767 Unused Serialized files (Serialized files now loaded: 0)
System memory in use before: 115.7 MB.
System memory in use after: 115.9 MB.

Unloading 54 unused Assets to reduce memory usage. Loaded Objects now: 3233.
Total: 17.451800 ms (FindLiveObjects: 0.414000 ms CreateObjectMapping: 0.219800 ms MarkObjects: 16.740100 ms  DeleteObjects: 0.075900 ms)

========================================================================
Received Import Request.
  path: Assets/AnotherWorld/Prefabs/Effect.prefab
  artifactKey: Guid(9cb7e6d690d23408694e9991f5f65785) Importer(815301076,1909f56bfc062723c751e8b465ee728b)
Start importing Assets/AnotherWorld/Prefabs/Effect.prefab using Guid(9cb7e6d690d23408694e9991f5f65785) Importer(815301076,1909f56bfc062723c751e8b465ee728b)  -> (artifact id: '9fc68a8ceeb970265a4b30e53a874b3b') in 0.055897 seconds
  Import took 0.060201 seconds .

========================================================================
Received Prepare
Registering precompiled user dll's ...
Registered in 0.011419 seconds.
Begin MonoManager ReloadAssembly
Native extension for WindowsStandalone target not found
Native extension for OSXStandalone target not found
Native extension for WebGL target not found
Refreshing native plugins compatible for Editor in 1.09 ms, found 1 plugins.
Preloading 0 native plugins for Editor in 0.00 ms.
[Steamworks.NET] Could not copy steam_appid.txt into the project root. steam_appid.txt could not be found in 'C:\Users\appop\Documents\Git\iehieh\Assets/Plugins/Steamworks.NET/redist'. Place steam_appid.txt from the Steamworks SDK in the project root manually.
UnityEngine.StackTraceUtility:ExtractStackTrace ()
UnityEngine.DebugLogHandler:LogFormat (UnityEngine.LogType,UnityEngine.Object,string,object[])
UnityEngine.Logger:Log (UnityEngine.LogType,object)
UnityEngine.Debug:LogWarning (object)
RedistInstall:CopyFile (string,string,bool) (at Assets/Editor/Steamworks.NET/RedistInstall.cs:40)
RedistInstall:.cctor () (at Assets/Editor/Steamworks.NET/RedistInstall.cs:16)
System.Runtime.CompilerServices.RuntimeHelpers:RunClassConstructor (System.RuntimeTypeHandle)
UnityEditor.EditorAssemblies:ProcessInitializeOnLoadAttributes (System.Type[])

(Filename: Assets/Editor/Steamworks.NET/RedistInstall.cs Line: 40)

Invoked RoslynAnalysisRunner static constructor.
RoslynAnalysisRunner will not be running.
RoslynAnalysisRunner has terminated.
Mono: successfully reloaded assembly
- Completed reload, in  1.652 seconds
Platform modules already initialized, skipping
Refreshing native plugins compatible for Editor in 0.84 ms, found 1 plugins.
Preloading 0 native plugins for Editor in 0.00 ms.
Unloading 2750 Unused Serialized files (Serialized files now loaded: 0)
System memory in use before: 114.8 MB.
System memory in use after: 115.0 MB.

Unloading 45 unused Assets to reduce memory usage. Loaded Objects now: 3236.
Total: 15.526500 ms (FindLiveObjects: 0.449100 ms CreateObjectMapping: 0.151500 ms MarkObjects: 14.820200 ms  DeleteObjects: 0.104400 ms)

========================================================================
Received Prepare
Registering precompiled user dll's ...
Registered in 0.010748 seconds.
Begin MonoManager ReloadAssembly
Native extension for WindowsStandalone target not found
Native extension for OSXStandalone target not found
Native extension for WebGL target not found
Refreshing native plugins compatible for Editor in 0.81 ms, found 1 plugins.
Preloading 0 native plugins for Editor in 0.00 ms.
[Steamworks.NET] Could not copy steam_appid.txt into the project root. steam_appid.txt could not be found in 'C:\Users\appop\Documents\Git\iehieh\Assets/Plugins/Steamworks.NET/redist'. Place steam_appid.txt from the Steamworks SDK in the project root manually.
UnityEngine.StackTraceUtility:ExtractStackTrace ()
UnityEngine.DebugLogHandler:LogFormat (UnityEngine.LogType,UnityEngine.Object,string,object[])
UnityEngine.Logger:Log (UnityEngine.LogType,object)
UnityEngine.Debug:LogWarning (object)
RedistInstall:CopyFile (string,string,bool) (at Assets/Editor/Steamworks.NET/RedistInstall.cs:40)
RedistInstall:.cctor () (at Assets/Editor/Steamworks.NET/RedistInstall.cs:16)
System.Runtime.CompilerServices.RuntimeHelpers:RunClassConstructor (System.RuntimeTypeHandle)
UnityEditor.EditorAssemblies:ProcessInitializeOnLoadAttributes (System.Type[])

(Filename: Assets/Editor/Steamworks.NET/RedistInstall.cs Line: 40)

Invoked RoslynAnalysisRunner static constructor.
RoslynAnalysisRunner will not be running.
RoslynAnalysisRunner has terminated.
Mono: successfully reloaded assembly
- Completed reload, in  1.700 seconds
Platform modules already initialized, skipping
Refreshing native plugins compatible for Editor in 0.84 ms, found 1 plugins.
Preloading 0 native plugins for Editor in 0.00 ms.
Unloading 2749 Unused Serialized files (Serialized files now loaded: 0)
System memory in use before: 114.8 MB.
System memory in use after: 115.1 MB.

Unloading 45 unused Assets to reduce memory usage. Loaded Objects now: 3239.
Total: 16.743200 ms (FindLiveObjects: 0.281900 ms CreateObjectMapping: 0.161200 ms MarkObjects: 16.269400 ms  DeleteObjects: 0.029000 ms)

========================================================================
Received Prepare
Registering precompiled user dll's ...
Registered in 0.010842 seconds.
Begin MonoManager ReloadAssembly
Native extension for WindowsStandalone target not found
Native extension for OSXStandalone target not found
Native extension for WebGL target not found
Refreshing native plugins compatible for Editor in 0.82 ms, found 1 plugins.
Preloading 0 native plugins for Editor in 0.00 ms.
[Steamworks.NET] Could not copy steam_appid.txt into the project root. steam_appid.txt could not be found in 'C:\Users\appop\Documents\Git\iehieh\Assets/Plugins/Steamworks.NET/redist'. Place steam_appid.txt from the Steamworks SDK in the project root manually.
UnityEngine.StackTraceUtility:ExtractStackTrace ()
UnityEngine.DebugLogHandler:LogFormat (UnityEngine.LogType,UnityEngine.Object,string,object[])
UnityEngine.Logger:Log (UnityEngine.LogType,object)
UnityEngine.Debug:LogWarning (object)
RedistInstall:CopyFile (string,string,bool) (at Assets/Editor/Steamworks.NET/RedistInstall.cs:40)
RedistInstall:.cctor () (at Assets/Editor/Steamworks.NET/RedistInstall.cs:16)
System.Runtime.CompilerServices.RuntimeHelpers:RunClassConstructor (System.RuntimeTypeHandle)
UnityEditor.EditorAssemblies:ProcessInitializeOnLoadAttributes (System.Type[])

(Filename: Assets/Editor/Steamworks.NET/RedistInstall.cs Line: 40)

Invoked RoslynAnalysisRunner static constructor.
RoslynAnalysisRunner will not be running.
RoslynAnalysisRunner has terminated.
Mono: successfully reloaded assembly
- Completed reload, in  1.688 seconds
Platform modules already initialized, skipping
Refreshing native plugins compatible for Editor in 0.85 ms, found 1 plugins.
Preloading 0 native plugins for Editor in 0.00 ms.
Unloading 2750 Unused Serialized files (Serialized files now loaded: 0)
System memory in use before: 114.9 MB.
System memory in use after: 115.1 MB.

Unloading 45 unused Assets to reduce memory usage. Loaded Objects now: 3243.
Total: 16.663300 ms (FindLiveObjects: 0.552500 ms CreateObjectMapping: 0.243400 ms MarkObjects: 15.835300 ms  DeleteObjects: 0.030200 ms)

========================================================================
Received Prepare
Registering precompiled user dll's ...
Registered in 0.010457 seconds.
Begin MonoManager ReloadAssembly
Native extension for WindowsStandalone target not found
Native extension for OSXStandalone target not found
Native extension for WebGL target not found
Refreshing native plugins compatible for Editor in 1.39 ms, found 1 plugins.
Preloading 0 native plugins for Editor in 0.00 ms.
[Steamworks.NET] Could not copy steam_appid.txt into the project root. steam_appid.txt could not be found in 'C:\Users\appop\Documents\Git\iehieh\Assets/Plugins/Steamworks.NET/redist'. Place steam_appid.txt from the Steamworks SDK in the project root manually.
UnityEngine.StackTraceUtility:ExtractStackTrace ()
UnityEngine.DebugLogHandler:LogFormat (UnityEngine.LogType,UnityEngine.Object,string,object[])
UnityEngine.Logger:Log (UnityEngine.LogType,object)
UnityEngine.Debug:LogWarning (object)
RedistInstall:CopyFile (string,string,bool) (at Assets/Editor/Steamworks.NET/RedistInstall.cs:40)
RedistInstall:.cctor () (at Assets/Editor/Steamworks.NET/RedistInstall.cs:16)
System.Runtime.CompilerServices.RuntimeHelpers:RunClassConstructor (System.RuntimeTypeHandle)
UnityEditor.EditorAssemblies:ProcessInitializeOnLoadAttributes (System.Type[])

(Filename: Assets/Editor/Steamworks.NET/RedistInstall.cs Line: 40)

Invoked RoslynAnalysisRunner static constructor.
RoslynAnalysisRunner will not be running.
RoslynAnalysisRunner has terminated.
Mono: successfully reloaded assembly
- Completed reload, in  1.726 seconds
Platform modules already initialized, skipping
Refreshing native plugins compatible for Editor in 0.85 ms, found 1 plugins.
Preloading 0 native plugins for Editor in 0.00 ms.
Unloading 2750 Unused Serialized files (Serialized files now loaded: 0)
System memory in use before: 114.9 MB.
System memory in use after: 115.1 MB.

Unloading 45 unused Assets to reduce memory usage. Loaded Objects now: 3246.
Total: 16.663000 ms (FindLiveObjects: 0.419100 ms CreateObjectMapping: 0.239200 ms MarkObjects: 15.972900 ms  DeleteObjects: 0.030700 ms)

========================================================================
Received Prepare
Registering precompiled user dll's ...
Registered in 0.010294 seconds.
Begin MonoManager ReloadAssembly
Native extension for WindowsStandalone target not found
Native extension for OSXStandalone target not found
Native extension for WebGL target not found
Refreshing native plugins compatible for Editor in 0.81 ms, found 1 plugins.
Preloading 0 native plugins for Editor in 0.00 ms.
[Steamworks.NET] Could not copy steam_appid.txt into the project root. steam_appid.txt could not be found in 'C:\Users\appop\Documents\Git\iehieh\Assets/Plugins/Steamworks.NET/redist'. Place steam_appid.txt from the Steamworks SDK in the project root manually.
UnityEngine.StackTraceUtility:ExtractStackTrace ()
UnityEngine.DebugLogHandler:LogFormat (UnityEngine.LogType,UnityEngine.Object,string,object[])
UnityEngine.Logger:Log (UnityEngine.LogType,object)
UnityEngine.Debug:LogWarning (object)
RedistInstall:CopyFile (string,string,bool) (at Assets/Editor/Steamworks.NET/RedistInstall.cs:40)
RedistInstall:.cctor () (at Assets/Editor/Steamworks.NET/RedistInstall.cs:16)
System.Runtime.CompilerServices.RuntimeHelpers:RunClassConstructor (System.RuntimeTypeHandle)
UnityEditor.EditorAssemblies:ProcessInitializeOnLoadAttributes (System.Type[])

(Filename: Assets/Editor/Steamworks.NET/RedistInstall.cs Line: 40)

Invoked RoslynAnalysisRunner static constructor.
RoslynAnalysisRunner will not be running.
RoslynAnalysisRunner has terminated.
Mono: successfully reloaded assembly
- Completed reload, in  1.686 seconds
Platform modules already initialized, skipping
Refreshing native plugins compatible for Editor in 0.85 ms, found 1 plugins.
Preloading 0 native plugins for Editor in 0.00 ms.
Unloading 2750 Unused Serialized files (Serialized files now loaded: 0)
System memory in use before: 114.9 MB.
System memory in use after: 115.1 MB.

Unloading 45 unused Assets to reduce memory usage. Loaded Objects now: 3249.
Total: 16.800600 ms (FindLiveObjects: 0.370900 ms CreateObjectMapping: 0.296200 ms MarkObjects: 16.051600 ms  DeleteObjects: 0.080200 ms)

