Using pre-set license
Built from '2020.3/staging' branch; Version is '2020.3.0f1 (c7b5465681fb) revision 13088070'; Using compiler version '192528614'; Build Type 'Release'
OS: 'Windows 10 Home; OS build 19042.985; Version 2009; 64bit' Language: 'ja' Physical Memory: 32600 MB
BatchMode: 1, IsHumanControllingUs: 0, StartBugReporterOnCrash: 0, Is64bit: 1, IsPro: 0

 COMMAND LINE ARGUMENTS:
C:\Program Files\Unity\Hub\Editor\2020.3.0f1\Editor\Unity.exe
-adb2
-batchMode
-noUpm
-name
AssetImportWorker0
-projectPath
C:/Users/appop/Documents/Git/iehieh
-logFile
Logs/AssetImportWorker0.log
-srvPort
60691
Successfully changed project path to: C:/Users/appop/Documents/Git/iehieh
C:/Users/appop/Documents/Git/iehieh
Using Asset Import Pipeline V2.
Refreshing native plugins compatible for Editor in 82.67 ms, found 1 plugins.
Preloading 0 native plugins for Editor in 0.00 ms.
Initialize engine version: 2020.3.0f1 (c7b5465681fb)
[Subsystems] Discovering subsystems at path C:/Program Files/Unity/Hub/Editor/2020.3.0f1/Editor/Data/Resources/UnitySubsystems
[Subsystems] Discovering subsystems at path C:/Users/appop/Documents/Git/iehieh/Assets
GfxDevice: creating device client; threaded=0
Direct3D:
    Version:  Direct3D 11.0 [level 11.1]
    Renderer: NVIDIA GeForce RTX 2070 Super (ID=0x1e91)
    Vendor:   
    VRAM:     8011 MB
    Driver:   27.21.14.6156
Initialize mono
Mono path[0] = 'C:/Program Files/Unity/Hub/Editor/2020.3.0f1/Editor/Data/Managed'
Mono path[1] = 'C:/Program Files/Unity/Hub/Editor/2020.3.0f1/Editor/Data/MonoBleedingEdge/lib/mono/unityjit'
Mono config path = 'C:/Program Files/Unity/Hub/Editor/2020.3.0f1/Editor/Data/MonoBleedingEdge/etc'
Using monoOptions --debugger-agent=transport=dt_socket,embedding=1,server=y,suspend=n,address=127.0.0.1:56148
Begin MonoManager ReloadAssembly
Registering precompiled unity dll's ...
Register platform support module: C:/Program Files/Unity/Hub/Editor/2020.3.0f1/Editor/Data/PlaybackEngines/WebGLSupport/UnityEditor.WebGL.Extensions.dll
Register platform support module: C:/Program Files/Unity/Hub/Editor/2020.3.0f1/Editor/Data/PlaybackEngines/MacStandaloneSupport/UnityEditor.OSXStandalone.Extensions.dll
Register platform support module: C:/Program Files/Unity/Hub/Editor/2020.3.0f1/Editor/Data/PlaybackEngines/WindowsStandaloneSupport/UnityEditor.WindowsStandalone.Extensions.dll
Registered in 0.003773 seconds.
Native extension for WindowsStandalone target not found
Native extension for OSXStandalone target not found
Native extension for WebGL target not found
Refreshing native plugins compatible for Editor in 72.26 ms, found 1 plugins.
Preloading 0 native plugins for Editor in 0.00 ms.
Invoked RoslynAnalysisRunner static constructor.
RoslynAnalysisRunner will not be running.
RoslynAnalysisRunner has terminated.
Mono: successfully reloaded assembly
- Completed reload, in  1.258 seconds
Platform modules already initialized, skipping
Registering precompiled user dll's ...
Registered in 0.012033 seconds.
Begin MonoManager ReloadAssembly
Native extension for WindowsStandalone target not found
Native extension for OSXStandalone target not found
Native extension for WebGL target not found
Refreshing native plugins compatible for Editor in 0.83 ms, found 1 plugins.
Preloading 0 native plugins for Editor in 0.00 ms.
[Steamworks.NET] Could not copy steam_appid.txt into the project root. steam_appid.txt could not be found in 'C:\Users\appop\Documents\Git\iehieh\Assets/Plugins/Steamworks.NET/redist'. Place steam_appid.txt from the Steamworks SDK in the project root manually.
UnityEngine.StackTraceUtility:ExtractStackTrace ()
UnityEngine.DebugLogHandler:LogFormat (UnityEngine.LogType,UnityEngine.Object,string,object[])
UnityEngine.Logger:Log (UnityEngine.LogType,object)
UnityEngine.Debug:LogWarning (object)
RedistInstall:CopyFile (string,string,bool) (at Assets/Editor/Steamworks.NET/RedistInstall.cs:40)
RedistInstall:.cctor () (at Assets/Editor/Steamworks.NET/RedistInstall.cs:16)
System.Runtime.CompilerServices.RuntimeHelpers:RunClassConstructor (System.RuntimeTypeHandle)
UnityEditor.EditorAssemblies:ProcessInitializeOnLoadAttributes (System.Type[])

(Filename: Assets/Editor/Steamworks.NET/RedistInstall.cs Line: 40)

Invoked RoslynAnalysisRunner static constructor.
RoslynAnalysisRunner will not be running.
RoslynAnalysisRunner has terminated.
Mono: successfully reloaded assembly
- Completed reload, in  1.835 seconds
Platform modules already initialized, skipping
========================================================================
Worker process is ready to serve import requests
Launched and connected shader compiler UnityShaderCompiler.exe after 0.06 seconds
Refreshing native plugins compatible for Editor in 0.80 ms, found 1 plugins.
Preloading 0 native plugins for Editor in 0.00 ms.
Unloading 2776 Unused Serialized files (Serialized files now loaded: 0)
System memory in use before: 115.9 MB.
System memory in use after: 116.1 MB.

Unloading 54 unused Assets to reduce memory usage. Loaded Objects now: 3242.
Total: 16.860800 ms (FindLiveObjects: 0.292500 ms CreateObjectMapping: 0.145200 ms MarkObjects: 16.343700 ms  DeleteObjects: 0.077300 ms)

========================================================================
Received Import Request.
  path: Assets/Script/ArtifactInventory/Builder/ArtifactOptionEffectBuilder.cs
  artifactKey: Guid(0f81d9b1a75c62c4db63c9fdae83cc7a) Importer(815301076,1909f56bfc062723c751e8b465ee728b)
Start importing Assets/Script/ArtifactInventory/Builder/ArtifactOptionEffectBuilder.cs using Guid(0f81d9b1a75c62c4db63c9fdae83cc7a) Importer(815301076,1909f56bfc062723c751e8b465ee728b)  -> (artifact id: 'f103c08e173b7e87403d577bc7f4c811') in 0.024876 seconds
  Import took 0.029884 seconds .

========================================================================
Received Prepare
Registering precompiled user dll's ...
Registered in 0.012729 seconds.
Begin MonoManager ReloadAssembly
Native extension for WindowsStandalone target not found
Native extension for OSXStandalone target not found
Native extension for WebGL target not found
Refreshing native plugins compatible for Editor in 0.82 ms, found 1 plugins.
Preloading 0 native plugins for Editor in 0.00 ms.
[Steamworks.NET] Could not copy steam_appid.txt into the project root. steam_appid.txt could not be found in 'C:\Users\appop\Documents\Git\iehieh\Assets/Plugins/Steamworks.NET/redist'. Place steam_appid.txt from the Steamworks SDK in the project root manually.
UnityEngine.StackTraceUtility:ExtractStackTrace ()
UnityEngine.DebugLogHandler:LogFormat (UnityEngine.LogType,UnityEngine.Object,string,object[])
UnityEngine.Logger:Log (UnityEngine.LogType,object)
UnityEngine.Debug:LogWarning (object)
RedistInstall:CopyFile (string,string,bool) (at Assets/Editor/Steamworks.NET/RedistInstall.cs:40)
RedistInstall:.cctor () (at Assets/Editor/Steamworks.NET/RedistInstall.cs:16)
System.Runtime.CompilerServices.RuntimeHelpers:RunClassConstructor (System.RuntimeTypeHandle)
UnityEditor.EditorAssemblies:ProcessInitializeOnLoadAttributes (System.Type[])

(Filename: Assets/Editor/Steamworks.NET/RedistInstall.cs Line: 40)

Invoked RoslynAnalysisRunner static constructor.
RoslynAnalysisRunner will not be running.
RoslynAnalysisRunner has terminated.
Mono: successfully reloaded assembly
- Completed reload, in  1.750 seconds
Platform modules already initialized, skipping
Refreshing native plugins compatible for Editor in 0.84 ms, found 1 plugins.
Preloading 0 native plugins for Editor in 0.00 ms.
Unloading 2759 Unused Serialized files (Serialized files now loaded: 0)
System memory in use before: 115.1 MB.
System memory in use after: 115.3 MB.

Unloading 45 unused Assets to reduce memory usage. Loaded Objects now: 3245.
Total: 17.106500 ms (FindLiveObjects: 0.367100 ms CreateObjectMapping: 0.184600 ms MarkObjects: 16.520700 ms  DeleteObjects: 0.031700 ms)

========================================================================
Received Import Request.
  Time since last request: 5803.388614 seconds.
  path: Assets/Script/ArtifactInventory/Builder/ArtifactOptionEffectBuilder.cs
  artifactKey: Guid(0f81d9b1a75c62c4db63c9fdae83cc7a) Importer(815301076,1909f56bfc062723c751e8b465ee728b)
Start importing Assets/Script/ArtifactInventory/Builder/ArtifactOptionEffectBuilder.cs using Guid(0f81d9b1a75c62c4db63c9fdae83cc7a) Importer(815301076,1909f56bfc062723c751e8b465ee728b)  -> (artifact id: '43bd8f6f71e3696b8b4e74936bc428fe') in 0.132876 seconds
  Import took 0.196534 seconds .

========================================================================
Received Prepare
Registering precompiled user dll's ...
Registered in 0.013295 seconds.
Begin MonoManager ReloadAssembly
Native extension for WindowsStandalone target not found
Native extension for OSXStandalone target not found
Native extension for WebGL target not found
Refreshing native plugins compatible for Editor in 0.98 ms, found 1 plugins.
Preloading 0 native plugins for Editor in 0.00 ms.
[Steamworks.NET] Could not copy steam_appid.txt into the project root. steam_appid.txt could not be found in 'C:\Users\appop\Documents\Git\iehieh\Assets/Plugins/Steamworks.NET/redist'. Place steam_appid.txt from the Steamworks SDK in the project root manually.
UnityEngine.StackTraceUtility:ExtractStackTrace ()
UnityEngine.DebugLogHandler:LogFormat (UnityEngine.LogType,UnityEngine.Object,string,object[])
UnityEngine.Logger:Log (UnityEngine.LogType,object)
UnityEngine.Debug:LogWarning (object)
RedistInstall:CopyFile (string,string,bool) (at Assets/Editor/Steamworks.NET/RedistInstall.cs:40)
RedistInstall:.cctor () (at Assets/Editor/Steamworks.NET/RedistInstall.cs:16)
System.Runtime.CompilerServices.RuntimeHelpers:RunClassConstructor (System.RuntimeTypeHandle)
UnityEditor.EditorAssemblies:ProcessInitializeOnLoadAttributes (System.Type[])

(Filename: Assets/Editor/Steamworks.NET/RedistInstall.cs Line: 40)

Invoked RoslynAnalysisRunner static constructor.
RoslynAnalysisRunner will not be running.
RoslynAnalysisRunner has terminated.
Mono: successfully reloaded assembly
- Completed reload, in  1.791 seconds
Platform modules already initialized, skipping
Refreshing native plugins compatible for Editor in 0.84 ms, found 1 plugins.
Preloading 0 native plugins for Editor in 0.00 ms.
Unloading 2759 Unused Serialized files (Serialized files now loaded: 0)
System memory in use before: 115.1 MB.
System memory in use after: 115.3 MB.

Unloading 45 unused Assets to reduce memory usage. Loaded Objects now: 3248.
Total: 17.535300 ms (FindLiveObjects: 0.713300 ms CreateObjectMapping: 0.263900 ms MarkObjects: 16.449200 ms  DeleteObjects: 0.107300 ms)

AssetImportWorkerClient::OnTransportError - code=2 error=End of file
